<?xml version="1.0" encoding="UTF-8"?>
<!-- Generated by org.testng.reporters.JUnitReportReporter -->
<testsuite hostname="IT-17-7-24" name="com.company.testSuites.businessA.baiduSearch" tests="1" failures="0" timestamp="12 Apr 2018 02:00:53 GMT" time="11.174" errors="0">
  <testcase name="test_baidu" time="11.174" classname="com.company.testSuites.businessA.baiduSearch"/>
</testsuite> <!-- com.company.testSuites.businessA.baiduSearch -->
